<?xml version="1.0" encoding="UTF-8"?>
<testsuite name="com.memory.board.service.BoardServiceTest" tests="1" skipped="0" failures="0" errors="0" timestamp="2024-07-02T06:49:16" hostname="hyeonjinui-MacBookPro.local" time="0.689">
  <properties/>
  <testcase name="게시판 목록 조회" classname="com.memory.board.service.BoardServiceTest" time="0.689"/>
  <system-out><![CDATA[15:49:13.241 [Test worker] INFO org.springframework.test.context.support.AnnotationConfigContextLoaderUtils -- Could not detect default configuration classes for test class [com.memory.board.service.BoardServiceTest]: BoardServiceTest does not declare any static, non-private, non-final, nested classes annotated with @Configuration.
15:49:13.287 [Test worker] INFO org.springframework.boot.test.context.SpringBootTestContextBootstrapper -- Found @SpringBootConfiguration com.memory.board.NomMemberBoardApplication for test class com.memory.board.service.BoardServiceTest

  .   ____          _            __ _ _
 /\\ / ___'_ __ _ _(_)_ __  __ _ \ \ \ \
( ( )\___ | '_ | '_| | '_ \/ _` | \ \ \ \
 \\/  ___)| |_)| | | | | || (_| |  ) ) ) )
  '  |____| .__|_| |_|_| |_\__, | / / / /
 =========|_|==============|___/=/_/_/_/

?[32m :: Spring Boot :: ?[39m              ?[2m (v3.3.1)?[0;39m

?[2m2024-07-02T15:49:13.571+09:00?[0;39m ?[32m INFO?[0;39m ?[35m35189?[0;39m ?[2m---?[0;39m ?[2m[    Test worker]?[0;39m ?[2m?[0;39m?[36mc.memory.board.service.BoardServiceTest ?[0;39m ?[2m:?[0;39m Starting BoardServiceTest using Java 22.0.1 with PID 35189 (started by hj in /Users/hj/DEV/project/non-member-board/backend)
?[2m2024-07-02T15:49:13.571+09:00?[0;39m ?[32mDEBUG?[0;39m ?[35m35189?[0;39m ?[2m---?[0;39m ?[2m[    Test worker]?[0;39m ?[2m?[0;39m?[36mc.memory.board.service.BoardServiceTest ?[0;39m ?[2m:?[0;39m Running with Spring Boot v3.3.1, Spring v6.1.10
?[2m2024-07-02T15:49:13.572+09:00?[0;39m ?[32m INFO?[0;39m ?[35m35189?[0;39m ?[2m---?[0;39m ?[2m[    Test worker]?[0;39m ?[2m?[0;39m?[36mc.memory.board.service.BoardServiceTest ?[0;39m ?[2m:?[0;39m No active profile set, falling back to 1 default profile: "default"
?[2m2024-07-02T15:49:14.214+09:00?[0;39m ?[32m INFO?[0;39m ?[35m35189?[0;39m ?[2m---?[0;39m ?[2m[    Test worker]?[0;39m ?[2m?[0;39m?[36m.s.d.r.c.RepositoryConfigurationDelegate?[0;39m ?[2m:?[0;39m Bootstrapping Spring Data JPA repositories in DEFAULT mode.
?[2m2024-07-02T15:49:14.251+09:00?[0;39m ?[32m INFO?[0;39m ?[35m35189?[0;39m ?[2m---?[0;39m ?[2m[    Test worker]?[0;39m ?[2m?[0;39m?[36m.s.d.r.c.RepositoryConfigurationDelegate?[0;39m ?[2m:?[0;39m Finished Spring Data repository scanning in 30 ms. Found 1 JPA repository interface.
?[2m2024-07-02T15:49:14.741+09:00?[0;39m ?[32m INFO?[0;39m ?[35m35189?[0;39m ?[2m---?[0;39m ?[2m[    Test worker]?[0;39m ?[2m?[0;39m?[36mo.hibernate.jpa.internal.util.LogHelper ?[0;39m ?[2m:?[0;39m HHH000204: Processing PersistenceUnitInfo [name: default]
?[2m2024-07-02T15:49:14.807+09:00?[0;39m ?[32m INFO?[0;39m ?[35m35189?[0;39m ?[2m---?[0;39m ?[2m[    Test worker]?[0;39m ?[2m?[0;39m?[36morg.hibernate.Version                   ?[0;39m ?[2m:?[0;39m HHH000412: Hibernate ORM core version 6.5.2.Final
?[2m2024-07-02T15:49:14.842+09:00?[0;39m ?[32m INFO?[0;39m ?[35m35189?[0;39m ?[2m---?[0;39m ?[2m[    Test worker]?[0;39m ?[2m?[0;39m?[36mo.h.c.internal.RegionFactoryInitiator   ?[0;39m ?[2m:?[0;39m HHH000026: Second-level cache disabled
?[2m2024-07-02T15:49:15.073+09:00?[0;39m ?[32m INFO?[0;39m ?[35m35189?[0;39m ?[2m---?[0;39m ?[2m[    Test worker]?[0;39m ?[2m?[0;39m?[36mo.s.o.j.p.SpringPersistenceUnitInfo     ?[0;39m ?[2m:?[0;39m No LoadTimeWeaver setup: ignoring JPA class transformer
?[2m2024-07-02T15:49:15.093+09:00?[0;39m ?[32m INFO?[0;39m ?[35m35189?[0;39m ?[2m---?[0;39m ?[2m[    Test worker]?[0;39m ?[2m?[0;39m?[36mcom.zaxxer.hikari.HikariDataSource      ?[0;39m ?[2m:?[0;39m HikariPool-1 - Starting...
?[2m2024-07-02T15:49:15.186+09:00?[0;39m ?[32m INFO?[0;39m ?[35m35189?[0;39m ?[2m---?[0;39m ?[2m[    Test worker]?[0;39m ?[2m?[0;39m?[36mcom.zaxxer.hikari.pool.HikariPool       ?[0;39m ?[2m:?[0;39m HikariPool-1 - Added connection org.mariadb.jdbc.Connection@2ecdf528
?[2m2024-07-02T15:49:15.188+09:00?[0;39m ?[32m INFO?[0;39m ?[35m35189?[0;39m ?[2m---?[0;39m ?[2m[    Test worker]?[0;39m ?[2m?[0;39m?[36mcom.zaxxer.hikari.HikariDataSource      ?[0;39m ?[2m:?[0;39m HikariPool-1 - Start completed.
?[2m2024-07-02T15:49:15.777+09:00?[0;39m ?[32m INFO?[0;39m ?[35m35189?[0;39m ?[2m---?[0;39m ?[2m[    Test worker]?[0;39m ?[2m?[0;39m?[36mo.h.e.t.j.p.i.JtaPlatformInitiator      ?[0;39m ?[2m:?[0;39m HHH000489: No JTA platform available (set 'hibernate.transaction.jta.platform' to enable JTA platform integration)
?[2m2024-07-02T15:49:15.808+09:00?[0;39m ?[32m INFO?[0;39m ?[35m35189?[0;39m ?[2m---?[0;39m ?[2m[    Test worker]?[0;39m ?[2m?[0;39m?[36mp6spy                                   ?[0;39m ?[2m:?[0;39m #1719902955808 | took 21ms | statement | connection 1| url jdbc:mariadb://localhost/non_member_board?user=root&password=***
drop table if exists board
drop table if exists board;
?[2m2024-07-02T15:49:15.835+09:00?[0;39m ?[32m INFO?[0;39m ?[35m35189?[0;39m ?[2m---?[0;39m ?[2m[    Test worker]?[0;39m ?[2m?[0;39m?[36mp6spy                                   ?[0;39m ?[2m:?[0;39m #1719902955835 | took 21ms | statement | connection 2| url jdbc:mariadb://localhost/non_member_board?user=root&password=***
create table board (board_id bigint not null auto_increment, created_date datetime(6) not null, modified_date datetime(6), nickname varchar(255) not null, password varchar(255) not null, title varchar(255) not null, content tinytext not null, del_yn enum ('N','Y') default 'N' not null, primary key (board_id)) engine=InnoDB
create table board (board_id bigint not null auto_increment, created_date datetime(6) not null, modified_date datetime(6), nickname varchar(255) not null, password varchar(255) not null, title varchar(255) not null, content tinytext not null, del_yn enum ('N','Y') default 'N' not null, primary key (board_id)) engine=InnoDB;
?[2m2024-07-02T15:49:15.838+09:00?[0;39m ?[32m INFO?[0;39m ?[35m35189?[0;39m ?[2m---?[0;39m ?[2m[    Test worker]?[0;39m ?[2m?[0;39m?[36mj.LocalContainerEntityManagerFactoryBean?[0;39m ?[2m:?[0;39m Initialized JPA EntityManagerFactory for persistence unit 'default'
?[2m2024-07-02T15:49:16.063+09:00?[0;39m ?[33m WARN?[0;39m ?[35m35189?[0;39m ?[2m---?[0;39m ?[2m[    Test worker]?[0;39m ?[2m?[0;39m?[36mJpaBaseConfiguration$JpaWebConfiguration?[0;39m ?[2m:?[0;39m spring.jpa.open-in-view is enabled by default. Therefore, database queries may be performed during view rendering. Explicitly configure spring.jpa.open-in-view to disable this warning
?[2m2024-07-02T15:49:16.380+09:00?[0;39m ?[32m INFO?[0;39m ?[35m35189?[0;39m ?[2m---?[0;39m ?[2m[    Test worker]?[0;39m ?[2m?[0;39m?[36mc.memory.board.service.BoardServiceTest ?[0;39m ?[2m:?[0;39m Started BoardServiceTest in 3.035 seconds (process running for 3.703)
?[2m2024-07-02T15:49:16.894+09:00?[0;39m ?[32m INFO?[0;39m ?[35m35189?[0;39m ?[2m---?[0;39m ?[2m[    Test worker]?[0;39m ?[2m?[0;39m?[36mp6spy                                   ?[0;39m ?[2m:?[0;39m #1719902956894 | took 1ms | statement | connection 3| url jdbc:mariadb://localhost/non_member_board?user=root&password=***
insert into board (content,created_date,del_yn,modified_date,nickname,password,title) values (?,?,?,?,?,?,?) returning board_id
insert into board (content,created_date,del_yn,modified_date,nickname,password,title) values ('java.io.StringReader@56728f48','2024-07-02T15:49:16.874+0900','N',NULL,'작성자A','123456','게시글 제목A') returning board_id;
?[2m2024-07-02T15:49:16.913+09:00?[0;39m ?[32m INFO?[0;39m ?[35m35189?[0;39m ?[2m---?[0;39m ?[2m[    Test worker]?[0;39m ?[2m?[0;39m?[36mp6spy                                   ?[0;39m ?[2m:?[0;39m #1719902956913 | took 0ms | statement | connection 3| url jdbc:mariadb://localhost/non_member_board?user=root&password=***
insert into board (content,created_date,del_yn,modified_date,nickname,password,title) values (?,?,?,?,?,?,?) returning board_id
insert into board (content,created_date,del_yn,modified_date,nickname,password,title) values ('java.io.StringReader@7f922523','2024-07-02T15:49:16.874+0900','N',NULL,'작성자B','123456','게시글 제목B') returning board_id;
?[2m2024-07-02T15:49:16.916+09:00?[0;39m ?[32m INFO?[0;39m ?[35m35189?[0;39m ?[2m---?[0;39m ?[2m[    Test worker]?[0;39m ?[2m?[0;39m?[36mp6spy                                   ?[0;39m ?[2m:?[0;39m #1719902956916 | took 1ms | statement | connection 3| url jdbc:mariadb://localhost/non_member_board?user=root&password=***
insert into board (content,created_date,del_yn,modified_date,nickname,password,title) values (?,?,?,?,?,?,?) returning board_id
insert into board (content,created_date,del_yn,modified_date,nickname,password,title) values ('java.io.StringReader@28be7db5','2024-07-02T15:49:16.874+0900','N',NULL,'작성자C','123456','게시글 제목C') returning board_id;
?[2m2024-07-02T15:49:17.018+09:00?[0;39m ?[32m INFO?[0;39m ?[35m35189?[0;39m ?[2m---?[0;39m ?[2m[    Test worker]?[0;39m ?[2m?[0;39m?[36mp6spy                                   ?[0;39m ?[2m:?[0;39m #1719902957018 | took 0ms | statement | connection 3| url jdbc:mariadb://localhost/non_member_board?user=root&password=***
select b1_0.board_id,b1_0.content,b1_0.created_date,b1_0.del_yn,b1_0.modified_date,b1_0.nickname,b1_0.password,b1_0.title from board b1_0
select b1_0.board_id,b1_0.content,b1_0.created_date,b1_0.del_yn,b1_0.modified_date,b1_0.nickname,b1_0.password,b1_0.title from board b1_0;
?[2m2024-07-02T15:49:17.076+09:00?[0;39m ?[32m INFO?[0;39m ?[35m35189?[0;39m ?[2m---?[0;39m ?[2m[    Test worker]?[0;39m ?[2m?[0;39m?[36mp6spy                                   ?[0;39m ?[2m:?[0;39m #1719902957076 | took 0ms | rollback | connection 3| url jdbc:mariadb://localhost/non_member_board?user=root&password=***

;
]]></system-out>
  <system-err><![CDATA[WARNING: A Java agent has been loaded dynamically (/Users/hj/.gradle/caches/modules-2/files-2.1/net.bytebuddy/byte-buddy-agent/1.14.17/e3c251a39dc90badaf71c83427ba46840f219d8d/byte-buddy-agent-1.14.17.jar)
WARNING: If a serviceability tool is in use, please run with -XX:+EnableDynamicAgentLoading to hide this warning
WARNING: If a serviceability tool is not in use, please run with -Djdk.instrument.traceUsage for more information
WARNING: Dynamic loading of agents will be disallowed by default in a future release
]]></system-err>
</testsuite>
