<?xml version="1.0" encoding="UTF-8"?>
<testsuite name="com.memory.board.repository.BoardRepositoryTest" tests="1" skipped="0" failures="1" errors="0" timestamp="2024-07-03T01:29:21" hostname="hyeonjinui-MacBookPro.local" time="0.075">
  <properties/>
  <testcase name="게시판 목록 조회" classname="com.memory.board.repository.BoardRepositoryTest" time="0.075">
    <failure message="org.opentest4j.AssertionFailedError: &#10;expected: 3&#10; but was: 9" type="org.opentest4j.AssertionFailedError">org.opentest4j.AssertionFailedError: 
expected: 3
 but was: 9
	at java.base@22.0.1/jdk.internal.reflect.DirectConstructorHandleAccessor.newInstance(DirectConstructorHandleAccessor.java:62)
	at java.base@22.0.1/java.lang.reflect.Constructor.newInstanceWithCaller(Constructor.java:502)
	at app//com.memory.board.repository.BoardRepositoryTest.selectBoardTest(BoardRepositoryTest.java:62)
	at java.base@22.0.1/java.lang.reflect.Method.invoke(Method.java:580)
	at java.base@22.0.1/java.util.ArrayList.forEach(ArrayList.java:1597)
	at java.base@22.0.1/java.util.ArrayList.forEach(ArrayList.java:1597)
</failure>
  </testcase>
  <system-out><![CDATA[?[2m2024-07-03T10:29:21.948+09:00?[0;39m ?[32m INFO?[0;39m ?[35m97014?[0;39m ?[2m---?[0;39m ?[2m[    Test worker]?[0;39m ?[2m?[0;39m?[36mt.c.s.AnnotationConfigContextLoaderUtils?[0;39m ?[2m:?[0;39m Could not detect default configuration classes for test class [com.memory.board.repository.BoardRepositoryTest]: BoardRepositoryTest does not declare any static, non-private, non-final, nested classes annotated with @Configuration.
?[2m2024-07-03T10:29:21.951+09:00?[0;39m ?[32m INFO?[0;39m ?[35m97014?[0;39m ?[2m---?[0;39m ?[2m[    Test worker]?[0;39m ?[2m?[0;39m?[36m.b.t.c.SpringBootTestContextBootstrapper?[0;39m ?[2m:?[0;39m Found @SpringBootConfiguration com.memory.board.NomMemberBoardApplication for test class com.memory.board.repository.BoardRepositoryTest
?[2m2024-07-03T10:29:21.957+09:00?[0;39m ?[32mDEBUG?[0;39m ?[35m97014?[0;39m ?[2m---?[0;39m ?[2m[    Test worker]?[0;39m ?[2m?[0;39m?[36mc.m.b.repository.BoardRepositoryTest    ?[0;39m ?[2m:?[0;39m ===== 게시판 목록 조회 start =====
?[2m2024-07-03T10:29:21.958+09:00?[0;39m ?[32m INFO?[0;39m ?[35m97014?[0;39m ?[2m---?[0;39m ?[2m[    Test worker]?[0;39m ?[2m?[0;39m?[36mp6spy                                   ?[0;39m ?[2m:?[0;39m #1719970161958 | took 0ms | statement | connection 9| url jdbc:mariadb://localhost/non_member_board?user=root&password=***
insert into board (content,created_date,del_yn,modified_date,nickname,password,title) values (?,?,?,?,?,?,?) returning board_id
insert into board (content,created_date,del_yn,modified_date,nickname,password,title) values ('java.io.StringReader@69b436a7','2024-07-03T10:29:21.957+0900','N',NULL,'작성자A','123456','게시글 제목A') returning board_id;
?[2m2024-07-03T10:29:21.959+09:00?[0;39m ?[32m INFO?[0;39m ?[35m97014?[0;39m ?[2m---?[0;39m ?[2m[    Test worker]?[0;39m ?[2m?[0;39m?[36mp6spy                                   ?[0;39m ?[2m:?[0;39m #1719970161959 | took 0ms | statement | connection 9| url jdbc:mariadb://localhost/non_member_board?user=root&password=***
insert into board (content,created_date,del_yn,modified_date,nickname,password,title) values (?,?,?,?,?,?,?) returning board_id
insert into board (content,created_date,del_yn,modified_date,nickname,password,title) values ('java.io.StringReader@67c1fc9b','2024-07-03T10:29:21.957+0900','N',NULL,'작성자B','123456','게시글 제목B') returning board_id;
?[2m2024-07-03T10:29:21.960+09:00?[0;39m ?[32m INFO?[0;39m ?[35m97014?[0;39m ?[2m---?[0;39m ?[2m[    Test worker]?[0;39m ?[2m?[0;39m?[36mp6spy                                   ?[0;39m ?[2m:?[0;39m #1719970161960 | took 0ms | statement | connection 9| url jdbc:mariadb://localhost/non_member_board?user=root&password=***
insert into board (content,created_date,del_yn,modified_date,nickname,password,title) values (?,?,?,?,?,?,?) returning board_id
insert into board (content,created_date,del_yn,modified_date,nickname,password,title) values ('java.io.StringReader@183e64a8','2024-07-03T10:29:21.957+0900','N',NULL,'작성자C','123456','게시글 제목C') returning board_id;
?[2m2024-07-03T10:29:21.999+09:00?[0;39m ?[32m INFO?[0;39m ?[35m97014?[0;39m ?[2m---?[0;39m ?[2m[    Test worker]?[0;39m ?[2m?[0;39m?[36mp6spy                                   ?[0;39m ?[2m:?[0;39m #1719970161999 | took 0ms | statement | connection 9| url jdbc:mariadb://localhost/non_member_board?user=root&password=***
select b1_0.board_id,b1_0.content,b1_0.created_date,b1_0.del_yn,b1_0.modified_date,b1_0.nickname,b1_0.password,b1_0.title from board b1_0
select b1_0.board_id,b1_0.content,b1_0.created_date,b1_0.del_yn,b1_0.modified_date,b1_0.nickname,b1_0.password,b1_0.title from board b1_0;
?[2m2024-07-03T10:29:22.028+09:00?[0;39m ?[32m INFO?[0;39m ?[35m97014?[0;39m ?[2m---?[0;39m ?[2m[    Test worker]?[0;39m ?[2m?[0;39m?[36mp6spy                                   ?[0;39m ?[2m:?[0;39m #1719970162028 | took 0ms | rollback | connection 9| url jdbc:mariadb://localhost/non_member_board?user=root&password=***

;
]]></system-out>
  <system-err><![CDATA[]]></system-err>
</testsuite>
