<?xml version="1.0" encoding="UTF-8"?>
<testsuite name="com.memory.board.controller.BoardControllerTest" tests="1" skipped="0" failures="0" errors="0" timestamp="2024-07-03T06:32:22" hostname="hyeonjinui-MacBookPro.local" time="0.61">
  <properties/>
  <testcase name="게시판 목록 조회" classname="com.memory.board.controller.BoardControllerTest" time="0.61"/>
  <system-out><![CDATA[15:32:20.110 [Test worker] INFO org.springframework.test.context.support.AnnotationConfigContextLoaderUtils -- Could not detect default configuration classes for test class [com.memory.board.controller.BoardControllerTest]: BoardControllerTest does not declare any static, non-private, non-final, nested classes annotated with @Configuration.
15:32:20.170 [Test worker] INFO org.springframework.boot.test.context.SpringBootTestContextBootstrapper -- Found @SpringBootConfiguration com.memory.board.NomMemberBoardApplication for test class com.memory.board.controller.BoardControllerTest

  .   ____          _            __ _ _
 /\\ / ___'_ __ _ _(_)_ __  __ _ \ \ \ \
( ( )\___ | '_ | '_| | '_ \/ _` | \ \ \ \
 \\/  ___)| |_)| | | | | || (_| |  ) ) ) )
  '  |____| .__|_| |_|_| |_\__, | / / / /
 =========|_|==============|___/=/_/_/_/

?[32m :: Spring Boot :: ?[39m              ?[2m (v3.3.1)?[0;39m

?[2m2024-07-03T15:32:20.386+09:00?[0;39m ?[32m INFO?[0;39m ?[35m16168?[0;39m ?[2m---?[0;39m ?[2m[    Test worker]?[0;39m ?[2m?[0;39m?[36mc.m.b.controller.BoardControllerTest    ?[0;39m ?[2m:?[0;39m Starting BoardControllerTest using Java 22.0.1 with PID 16168 (started by hj in /Users/hj/DEV/project/non-member-board/backend)
?[2m2024-07-03T15:32:20.386+09:00?[0;39m ?[32mDEBUG?[0;39m ?[35m16168?[0;39m ?[2m---?[0;39m ?[2m[    Test worker]?[0;39m ?[2m?[0;39m?[36mc.m.b.controller.BoardControllerTest    ?[0;39m ?[2m:?[0;39m Running with Spring Boot v3.3.1, Spring v6.1.10
?[2m2024-07-03T15:32:20.386+09:00?[0;39m ?[32m INFO?[0;39m ?[35m16168?[0;39m ?[2m---?[0;39m ?[2m[    Test worker]?[0;39m ?[2m?[0;39m?[36mc.m.b.controller.BoardControllerTest    ?[0;39m ?[2m:?[0;39m No active profile set, falling back to 1 default profile: "default"
?[2m2024-07-03T15:32:20.750+09:00?[0;39m ?[32m INFO?[0;39m ?[35m16168?[0;39m ?[2m---?[0;39m ?[2m[    Test worker]?[0;39m ?[2m?[0;39m?[36m.s.d.r.c.RepositoryConfigurationDelegate?[0;39m ?[2m:?[0;39m Bootstrapping Spring Data JPA repositories in DEFAULT mode.
?[2m2024-07-03T15:32:20.803+09:00?[0;39m ?[32m INFO?[0;39m ?[35m16168?[0;39m ?[2m---?[0;39m ?[2m[    Test worker]?[0;39m ?[2m?[0;39m?[36m.s.d.r.c.RepositoryConfigurationDelegate?[0;39m ?[2m:?[0;39m Finished Spring Data repository scanning in 47 ms. Found 1 JPA repository interface.
?[2m2024-07-03T15:32:21.130+09:00?[0;39m ?[32m INFO?[0;39m ?[35m16168?[0;39m ?[2m---?[0;39m ?[2m[    Test worker]?[0;39m ?[2m?[0;39m?[36mo.hibernate.jpa.internal.util.LogHelper ?[0;39m ?[2m:?[0;39m HHH000204: Processing PersistenceUnitInfo [name: default]
?[2m2024-07-03T15:32:21.159+09:00?[0;39m ?[32m INFO?[0;39m ?[35m16168?[0;39m ?[2m---?[0;39m ?[2m[    Test worker]?[0;39m ?[2m?[0;39m?[36morg.hibernate.Version                   ?[0;39m ?[2m:?[0;39m HHH000412: Hibernate ORM core version 6.5.2.Final
?[2m2024-07-03T15:32:21.176+09:00?[0;39m ?[32m INFO?[0;39m ?[35m16168?[0;39m ?[2m---?[0;39m ?[2m[    Test worker]?[0;39m ?[2m?[0;39m?[36mo.h.c.internal.RegionFactoryInitiator   ?[0;39m ?[2m:?[0;39m HHH000026: Second-level cache disabled
?[2m2024-07-03T15:32:21.318+09:00?[0;39m ?[32m INFO?[0;39m ?[35m16168?[0;39m ?[2m---?[0;39m ?[2m[    Test worker]?[0;39m ?[2m?[0;39m?[36mo.s.o.j.p.SpringPersistenceUnitInfo     ?[0;39m ?[2m:?[0;39m No LoadTimeWeaver setup: ignoring JPA class transformer
?[2m2024-07-03T15:32:21.332+09:00?[0;39m ?[32m INFO?[0;39m ?[35m16168?[0;39m ?[2m---?[0;39m ?[2m[    Test worker]?[0;39m ?[2m?[0;39m?[36mcom.zaxxer.hikari.HikariDataSource      ?[0;39m ?[2m:?[0;39m HikariPool-1 - Starting...
?[2m2024-07-03T15:32:21.401+09:00?[0;39m ?[32m INFO?[0;39m ?[35m16168?[0;39m ?[2m---?[0;39m ?[2m[    Test worker]?[0;39m ?[2m?[0;39m?[36mcom.zaxxer.hikari.pool.HikariPool       ?[0;39m ?[2m:?[0;39m HikariPool-1 - Added connection org.mariadb.jdbc.Connection@1d585fb
?[2m2024-07-03T15:32:21.403+09:00?[0;39m ?[32m INFO?[0;39m ?[35m16168?[0;39m ?[2m---?[0;39m ?[2m[    Test worker]?[0;39m ?[2m?[0;39m?[36mcom.zaxxer.hikari.HikariDataSource      ?[0;39m ?[2m:?[0;39m HikariPool-1 - Start completed.
?[2m2024-07-03T15:32:21.831+09:00?[0;39m ?[32m INFO?[0;39m ?[35m16168?[0;39m ?[2m---?[0;39m ?[2m[    Test worker]?[0;39m ?[2m?[0;39m?[36mo.h.e.t.j.p.i.JtaPlatformInitiator      ?[0;39m ?[2m:?[0;39m HHH000489: No JTA platform available (set 'hibernate.transaction.jta.platform' to enable JTA platform integration)
?[2m2024-07-03T15:32:21.869+09:00?[0;39m ?[32m INFO?[0;39m ?[35m16168?[0;39m ?[2m---?[0;39m ?[2m[    Test worker]?[0;39m ?[2m?[0;39m?[36mp6spy                                   ?[0;39m ?[2m:?[0;39m #1719988341869 | took 31ms | statement | connection 1| url jdbc:mariadb://localhost/non_member_board?user=root&password=***
drop table if exists board
drop table if exists board;
?[2m2024-07-03T15:32:21.894+09:00?[0;39m ?[32m INFO?[0;39m ?[35m16168?[0;39m ?[2m---?[0;39m ?[2m[    Test worker]?[0;39m ?[2m?[0;39m?[36mp6spy                                   ?[0;39m ?[2m:?[0;39m #1719988341894 | took 21ms | statement | connection 2| url jdbc:mariadb://localhost/non_member_board?user=root&password=***
create table board (board_id bigint not null auto_increment, created_date datetime(6) not null, modified_date datetime(6), nickname varchar(255) not null, password varchar(255) not null, title varchar(255) not null, content tinytext not null, del_yn enum ('N','Y') default 'N' not null, primary key (board_id)) engine=InnoDB
create table board (board_id bigint not null auto_increment, created_date datetime(6) not null, modified_date datetime(6), nickname varchar(255) not null, password varchar(255) not null, title varchar(255) not null, content tinytext not null, del_yn enum ('N','Y') default 'N' not null, primary key (board_id)) engine=InnoDB;
?[2m2024-07-03T15:32:21.896+09:00?[0;39m ?[32m INFO?[0;39m ?[35m16168?[0;39m ?[2m---?[0;39m ?[2m[    Test worker]?[0;39m ?[2m?[0;39m?[36mj.LocalContainerEntityManagerFactoryBean?[0;39m ?[2m:?[0;39m Initialized JPA EntityManagerFactory for persistence unit 'default'
?[2m2024-07-03T15:32:22.250+09:00?[0;39m ?[32m INFO?[0;39m ?[35m16168?[0;39m ?[2m---?[0;39m ?[2m[    Test worker]?[0;39m ?[2m?[0;39m?[36mp6spy                                   ?[0;39m ?[2m:?[0;39m #1719988342250 | took 2ms | statement | connection 3| url jdbc:mariadb://localhost/non_member_board?user=root&password=***
insert into board (content,created_date,del_yn,modified_date,nickname,password,title) values (?,?,?,?,?,?,?) returning board_id
insert into board (content,created_date,del_yn,modified_date,nickname,password,title) values ('java.io.StringReader@12c30824','2024-07-03T15:32:22.045+0900','N',NULL,'닉네임A','passwordA','제목A') returning board_id;
?[2m2024-07-03T15:32:22.266+09:00?[0;39m ?[32m INFO?[0;39m ?[35m16168?[0;39m ?[2m---?[0;39m ?[2m[    Test worker]?[0;39m ?[2m?[0;39m?[36mp6spy                                   ?[0;39m ?[2m:?[0;39m #1719988342266 | took 0ms | commit | connection 3| url jdbc:mariadb://localhost/non_member_board?user=root&password=***

;
?[2m2024-07-03T15:32:22.271+09:00?[0;39m ?[32m INFO?[0;39m ?[35m16168?[0;39m ?[2m---?[0;39m ?[2m[    Test worker]?[0;39m ?[2m?[0;39m?[36mp6spy                                   ?[0;39m ?[2m:?[0;39m #1719988342271 | took 0ms | statement | connection 4| url jdbc:mariadb://localhost/non_member_board?user=root&password=***
insert into board (content,created_date,del_yn,modified_date,nickname,password,title) values (?,?,?,?,?,?,?) returning board_id
insert into board (content,created_date,del_yn,modified_date,nickname,password,title) values ('java.io.StringReader@533a27f8','2024-07-03T15:32:22.058+0900','N',NULL,'닉네임B','passwordB','제목B') returning board_id;
?[2m2024-07-03T15:32:22.272+09:00?[0;39m ?[32m INFO?[0;39m ?[35m16168?[0;39m ?[2m---?[0;39m ?[2m[    Test worker]?[0;39m ?[2m?[0;39m?[36mp6spy                                   ?[0;39m ?[2m:?[0;39m #1719988342272 | took 0ms | commit | connection 4| url jdbc:mariadb://localhost/non_member_board?user=root&password=***

;
?[2m2024-07-03T15:32:22.274+09:00?[0;39m ?[32m INFO?[0;39m ?[35m16168?[0;39m ?[2m---?[0;39m ?[2m[    Test worker]?[0;39m ?[2m?[0;39m?[36mp6spy                                   ?[0;39m ?[2m:?[0;39m #1719988342274 | took 0ms | statement | connection 5| url jdbc:mariadb://localhost/non_member_board?user=root&password=***
insert into board (content,created_date,del_yn,modified_date,nickname,password,title) values (?,?,?,?,?,?,?) returning board_id
insert into board (content,created_date,del_yn,modified_date,nickname,password,title) values ('java.io.StringReader@6b60d99c','2024-07-03T15:32:22.068+0900','N',NULL,'닉네임C','passwordC','제목C') returning board_id;
?[2m2024-07-03T15:32:22.275+09:00?[0;39m ?[32m INFO?[0;39m ?[35m16168?[0;39m ?[2m---?[0;39m ?[2m[    Test worker]?[0;39m ?[2m?[0;39m?[36mp6spy                                   ?[0;39m ?[2m:?[0;39m #1719988342275 | took 0ms | commit | connection 5| url jdbc:mariadb://localhost/non_member_board?user=root&password=***

;
?[2m2024-07-03T15:32:22.278+09:00?[0;39m ?[32m INFO?[0;39m ?[35m16168?[0;39m ?[2m---?[0;39m ?[2m[    Test worker]?[0;39m ?[2m?[0;39m?[36mp6spy                                   ?[0;39m ?[2m:?[0;39m #1719988342278 | took 0ms | statement | connection 6| url jdbc:mariadb://localhost/non_member_board?user=root&password=***
insert into board (content,created_date,del_yn,modified_date,nickname,password,title) values (?,?,?,?,?,?,?) returning board_id
insert into board (content,created_date,del_yn,modified_date,nickname,password,title) values ('java.io.StringReader@eda7dd3','2024-07-03T15:32:22.078+0900','N',NULL,'닉네임D','passwordD','제목D') returning board_id;
?[2m2024-07-03T15:32:22.279+09:00?[0;39m ?[32m INFO?[0;39m ?[35m16168?[0;39m ?[2m---?[0;39m ?[2m[    Test worker]?[0;39m ?[2m?[0;39m?[36mp6spy                                   ?[0;39m ?[2m:?[0;39m #1719988342279 | took 0ms | commit | connection 6| url jdbc:mariadb://localhost/non_member_board?user=root&password=***

;
?[2m2024-07-03T15:32:22.282+09:00?[0;39m ?[32m INFO?[0;39m ?[35m16168?[0;39m ?[2m---?[0;39m ?[2m[    Test worker]?[0;39m ?[2m?[0;39m?[36mp6spy                                   ?[0;39m ?[2m:?[0;39m #1719988342281 | took 0ms | statement | connection 7| url jdbc:mariadb://localhost/non_member_board?user=root&password=***
insert into board (content,created_date,del_yn,modified_date,nickname,password,title) values (?,?,?,?,?,?,?) returning board_id
insert into board (content,created_date,del_yn,modified_date,nickname,password,title) values ('java.io.StringReader@1028a747','2024-07-03T15:32:22.091+0900','N',NULL,'닉네임E','passwordE','제목E') returning board_id;
?[2m2024-07-03T15:32:22.282+09:00?[0;39m ?[32m INFO?[0;39m ?[35m16168?[0;39m ?[2m---?[0;39m ?[2m[    Test worker]?[0;39m ?[2m?[0;39m?[36mp6spy                                   ?[0;39m ?[2m:?[0;39m #1719988342282 | took 0ms | commit | connection 7| url jdbc:mariadb://localhost/non_member_board?user=root&password=***

;
?[2m2024-07-03T15:32:22.285+09:00?[0;39m ?[32m INFO?[0;39m ?[35m16168?[0;39m ?[2m---?[0;39m ?[2m[    Test worker]?[0;39m ?[2m?[0;39m?[36mp6spy                                   ?[0;39m ?[2m:?[0;39m #1719988342285 | took 0ms | statement | connection 8| url jdbc:mariadb://localhost/non_member_board?user=root&password=***
insert into board (content,created_date,del_yn,modified_date,nickname,password,title) values (?,?,?,?,?,?,?) returning board_id
insert into board (content,created_date,del_yn,modified_date,nickname,password,title) values ('java.io.StringReader@7205a8b7','2024-07-03T15:32:22.102+0900','N',NULL,'닉네임F','passwordF','제목F') returning board_id;
?[2m2024-07-03T15:32:22.286+09:00?[0;39m ?[32m INFO?[0;39m ?[35m16168?[0;39m ?[2m---?[0;39m ?[2m[    Test worker]?[0;39m ?[2m?[0;39m?[36mp6spy                                   ?[0;39m ?[2m:?[0;39m #1719988342286 | took 0ms | commit | connection 8| url jdbc:mariadb://localhost/non_member_board?user=root&password=***

;
?[2m2024-07-03T15:32:22.288+09:00?[0;39m ?[32m INFO?[0;39m ?[35m16168?[0;39m ?[2m---?[0;39m ?[2m[    Test worker]?[0;39m ?[2m?[0;39m?[36mp6spy                                   ?[0;39m ?[2m:?[0;39m #1719988342288 | took 0ms | statement | connection 9| url jdbc:mariadb://localhost/non_member_board?user=root&password=***
insert into board (content,created_date,del_yn,modified_date,nickname,password,title) values (?,?,?,?,?,?,?) returning board_id
insert into board (content,created_date,del_yn,modified_date,nickname,password,title) values ('java.io.StringReader@4babe06f','2024-07-03T15:32:22.115+0900','N',NULL,'닉네임G','passwordF','제목F') returning board_id;
?[2m2024-07-03T15:32:22.288+09:00?[0;39m ?[32m INFO?[0;39m ?[35m16168?[0;39m ?[2m---?[0;39m ?[2m[    Test worker]?[0;39m ?[2m?[0;39m?[36mp6spy                                   ?[0;39m ?[2m:?[0;39m #1719988342288 | took 0ms | commit | connection 9| url jdbc:mariadb://localhost/non_member_board?user=root&password=***

;
?[2m2024-07-03T15:32:22.291+09:00?[0;39m ?[32m INFO?[0;39m ?[35m16168?[0;39m ?[2m---?[0;39m ?[2m[    Test worker]?[0;39m ?[2m?[0;39m?[36mp6spy                                   ?[0;39m ?[2m:?[0;39m #1719988342291 | took 0ms | statement | connection 10| url jdbc:mariadb://localhost/non_member_board?user=root&password=***
insert into board (content,created_date,del_yn,modified_date,nickname,password,title) values (?,?,?,?,?,?,?) returning board_id
insert into board (content,created_date,del_yn,modified_date,nickname,password,title) values ('java.io.StringReader@3cc548f6','2024-07-03T15:32:22.127+0900','N',NULL,'닉네임H','passwordF','제목F') returning board_id;
?[2m2024-07-03T15:32:22.291+09:00?[0;39m ?[32m INFO?[0;39m ?[35m16168?[0;39m ?[2m---?[0;39m ?[2m[    Test worker]?[0;39m ?[2m?[0;39m?[36mp6spy                                   ?[0;39m ?[2m:?[0;39m #1719988342291 | took 0ms | commit | connection 10| url jdbc:mariadb://localhost/non_member_board?user=root&password=***

;
?[2m2024-07-03T15:32:22.293+09:00?[0;39m ?[32m INFO?[0;39m ?[35m16168?[0;39m ?[2m---?[0;39m ?[2m[    Test worker]?[0;39m ?[2m?[0;39m?[36mp6spy                                   ?[0;39m ?[2m:?[0;39m #1719988342293 | took 0ms | statement | connection 11| url jdbc:mariadb://localhost/non_member_board?user=root&password=***
insert into board (content,created_date,del_yn,modified_date,nickname,password,title) values (?,?,?,?,?,?,?) returning board_id
insert into board (content,created_date,del_yn,modified_date,nickname,password,title) values ('java.io.StringReader@235dacd7','2024-07-03T15:32:22.139+0900','N',NULL,'닉네임I','passwordF','제목F') returning board_id;
?[2m2024-07-03T15:32:22.294+09:00?[0;39m ?[32m INFO?[0;39m ?[35m16168?[0;39m ?[2m---?[0;39m ?[2m[    Test worker]?[0;39m ?[2m?[0;39m?[36mp6spy                                   ?[0;39m ?[2m:?[0;39m #1719988342294 | took 0ms | commit | connection 11| url jdbc:mariadb://localhost/non_member_board?user=root&password=***

;
?[2m2024-07-03T15:32:22.296+09:00?[0;39m ?[32m INFO?[0;39m ?[35m16168?[0;39m ?[2m---?[0;39m ?[2m[    Test worker]?[0;39m ?[2m?[0;39m?[36mp6spy                                   ?[0;39m ?[2m:?[0;39m #1719988342296 | took 0ms | statement | connection 12| url jdbc:mariadb://localhost/non_member_board?user=root&password=***
insert into board (content,created_date,del_yn,modified_date,nickname,password,title) values (?,?,?,?,?,?,?) returning board_id
insert into board (content,created_date,del_yn,modified_date,nickname,password,title) values ('java.io.StringReader@49c555c3','2024-07-03T15:32:22.151+0900','N',NULL,'닉네임J','passwordF','제목F') returning board_id;
?[2m2024-07-03T15:32:22.296+09:00?[0;39m ?[32m INFO?[0;39m ?[35m16168?[0;39m ?[2m---?[0;39m ?[2m[    Test worker]?[0;39m ?[2m?[0;39m?[36mp6spy                                   ?[0;39m ?[2m:?[0;39m #1719988342296 | took 0ms | commit | connection 12| url jdbc:mariadb://localhost/non_member_board?user=root&password=***

;
?[2m2024-07-03T15:32:22.298+09:00?[0;39m ?[32m INFO?[0;39m ?[35m16168?[0;39m ?[2m---?[0;39m ?[2m[    Test worker]?[0;39m ?[2m?[0;39m?[36mp6spy                                   ?[0;39m ?[2m:?[0;39m #1719988342298 | took 0ms | statement | connection 13| url jdbc:mariadb://localhost/non_member_board?user=root&password=***
insert into board (content,created_date,del_yn,modified_date,nickname,password,title) values (?,?,?,?,?,?,?) returning board_id
insert into board (content,created_date,del_yn,modified_date,nickname,password,title) values ('java.io.StringReader@15a591d9','2024-07-03T15:32:22.162+0900','N',NULL,'닉네임K','passwordF','제목F') returning board_id;
?[2m2024-07-03T15:32:22.298+09:00?[0;39m ?[32m INFO?[0;39m ?[35m16168?[0;39m ?[2m---?[0;39m ?[2m[    Test worker]?[0;39m ?[2m?[0;39m?[36mp6spy                                   ?[0;39m ?[2m:?[0;39m #1719988342298 | took 0ms | commit | connection 13| url jdbc:mariadb://localhost/non_member_board?user=root&password=***

;
?[2m2024-07-03T15:32:22.300+09:00?[0;39m ?[32m INFO?[0;39m ?[35m16168?[0;39m ?[2m---?[0;39m ?[2m[    Test worker]?[0;39m ?[2m?[0;39m?[36mp6spy                                   ?[0;39m ?[2m:?[0;39m #1719988342300 | took 0ms | statement | connection 14| url jdbc:mariadb://localhost/non_member_board?user=root&password=***
insert into board (content,created_date,del_yn,modified_date,nickname,password,title) values (?,?,?,?,?,?,?) returning board_id
insert into board (content,created_date,del_yn,modified_date,nickname,password,title) values ('java.io.StringReader@25762f04','2024-07-03T15:32:22.172+0900','N',NULL,'닉네임L','passwordF','제목F') returning board_id;
?[2m2024-07-03T15:32:22.301+09:00?[0;39m ?[32m INFO?[0;39m ?[35m16168?[0;39m ?[2m---?[0;39m ?[2m[    Test worker]?[0;39m ?[2m?[0;39m?[36mp6spy                                   ?[0;39m ?[2m:?[0;39m #1719988342301 | took 0ms | commit | connection 14| url jdbc:mariadb://localhost/non_member_board?user=root&password=***

;
?[2m2024-07-03T15:32:22.302+09:00?[0;39m ?[32m INFO?[0;39m ?[35m16168?[0;39m ?[2m---?[0;39m ?[2m[    Test worker]?[0;39m ?[2m?[0;39m?[36mp6spy                                   ?[0;39m ?[2m:?[0;39m #1719988342302 | took 0ms | statement | connection 15| url jdbc:mariadb://localhost/non_member_board?user=root&password=***
insert into board (content,created_date,del_yn,modified_date,nickname,password,title) values (?,?,?,?,?,?,?) returning board_id
insert into board (content,created_date,del_yn,modified_date,nickname,password,title) values ('java.io.StringReader@705dc1a6','2024-07-03T15:32:22.185+0900','N',NULL,'닉네임M','passwordF','제목F') returning board_id;
?[2m2024-07-03T15:32:22.303+09:00?[0;39m ?[32m INFO?[0;39m ?[35m16168?[0;39m ?[2m---?[0;39m ?[2m[    Test worker]?[0;39m ?[2m?[0;39m?[36mp6spy                                   ?[0;39m ?[2m:?[0;39m #1719988342303 | took 0ms | commit | connection 15| url jdbc:mariadb://localhost/non_member_board?user=root&password=***

;
?[2m2024-07-03T15:32:22.304+09:00?[0;39m ?[32m INFO?[0;39m ?[35m16168?[0;39m ?[2m---?[0;39m ?[2m[    Test worker]?[0;39m ?[2m?[0;39m?[36mp6spy                                   ?[0;39m ?[2m:?[0;39m #1719988342304 | took 0ms | statement | connection 16| url jdbc:mariadb://localhost/non_member_board?user=root&password=***
insert into board (content,created_date,del_yn,modified_date,nickname,password,title) values (?,?,?,?,?,?,?) returning board_id
insert into board (content,created_date,del_yn,modified_date,nickname,password,title) values ('java.io.StringReader@3ec52163','2024-07-03T15:32:22.198+0900','N',NULL,'닉네임N','passwordF','제목F') returning board_id;
?[2m2024-07-03T15:32:22.305+09:00?[0;39m ?[32m INFO?[0;39m ?[35m16168?[0;39m ?[2m---?[0;39m ?[2m[    Test worker]?[0;39m ?[2m?[0;39m?[36mp6spy                                   ?[0;39m ?[2m:?[0;39m #1719988342305 | took 0ms | commit | connection 16| url jdbc:mariadb://localhost/non_member_board?user=root&password=***

;
?[2m2024-07-03T15:32:22.306+09:00?[0;39m ?[32m INFO?[0;39m ?[35m16168?[0;39m ?[2m---?[0;39m ?[2m[    Test worker]?[0;39m ?[2m?[0;39m?[36mp6spy                                   ?[0;39m ?[2m:?[0;39m #1719988342306 | took 0ms | statement | connection 17| url jdbc:mariadb://localhost/non_member_board?user=root&password=***
insert into board (content,created_date,del_yn,modified_date,nickname,password,title) values (?,?,?,?,?,?,?) returning board_id
insert into board (content,created_date,del_yn,modified_date,nickname,password,title) values ('java.io.StringReader@74ed3be4','2024-07-03T15:32:22.209+0900','N',NULL,'닉네임O','passwordF','제목F') returning board_id;
?[2m2024-07-03T15:32:22.307+09:00?[0;39m ?[32m INFO?[0;39m ?[35m16168?[0;39m ?[2m---?[0;39m ?[2m[    Test worker]?[0;39m ?[2m?[0;39m?[36mp6spy                                   ?[0;39m ?[2m:?[0;39m #1719988342307 | took 0ms | commit | connection 17| url jdbc:mariadb://localhost/non_member_board?user=root&password=***

;
?[2m2024-07-03T15:32:22.380+09:00?[0;39m ?[33m WARN?[0;39m ?[35m16168?[0;39m ?[2m---?[0;39m ?[2m[    Test worker]?[0;39m ?[2m?[0;39m?[36mJpaBaseConfiguration$JpaWebConfiguration?[0;39m ?[2m:?[0;39m spring.jpa.open-in-view is enabled by default. Therefore, database queries may be performed during view rendering. Explicitly configure spring.jpa.open-in-view to disable this warning
?[2m2024-07-03T15:32:22.536+09:00?[0;39m ?[32m INFO?[0;39m ?[35m16168?[0;39m ?[2m---?[0;39m ?[2m[    Test worker]?[0;39m ?[2m?[0;39m?[36mo.s.b.t.m.w.SpringBootMockServletContext?[0;39m ?[2m:?[0;39m Initializing Spring TestDispatcherServlet ''
?[2m2024-07-03T15:32:22.536+09:00?[0;39m ?[32m INFO?[0;39m ?[35m16168?[0;39m ?[2m---?[0;39m ?[2m[    Test worker]?[0;39m ?[2m?[0;39m?[36mo.s.t.web.servlet.TestDispatcherServlet ?[0;39m ?[2m:?[0;39m Initializing Servlet ''
?[2m2024-07-03T15:32:22.537+09:00?[0;39m ?[32m INFO?[0;39m ?[35m16168?[0;39m ?[2m---?[0;39m ?[2m[    Test worker]?[0;39m ?[2m?[0;39m?[36mo.s.t.web.servlet.TestDispatcherServlet ?[0;39m ?[2m:?[0;39m Completed initialization in 0 ms
?[2m2024-07-03T15:32:22.546+09:00?[0;39m ?[32m INFO?[0;39m ?[35m16168?[0;39m ?[2m---?[0;39m ?[2m[    Test worker]?[0;39m ?[2m?[0;39m?[36mc.m.b.controller.BoardControllerTest    ?[0;39m ?[2m:?[0;39m Started BoardControllerTest in 2.308 seconds (process running for 2.882)
?[2m2024-07-03T15:32:23.130+09:00?[0;39m ?[32m INFO?[0;39m ?[35m16168?[0;39m ?[2m---?[0;39m ?[2m[    Test worker]?[0;39m ?[2m?[0;39m?[36mp6spy                                   ?[0;39m ?[2m:?[0;39m #1719988343130 | took 4ms | statement | connection 18| url jdbc:mariadb://localhost/non_member_board?user=root&password=***
select b1_0.nickname,b1_0.password,b1_0.title,b1_0.content,b1_0.created_date,b1_0.modified_date,b1_0.del_yn from board b1_0 where b1_0.nickname like ? escape '!' limit ?,?
select b1_0.nickname,b1_0.password,b1_0.title,b1_0.content,b1_0.created_date,b1_0.modified_date,b1_0.del_yn from board b1_0 where b1_0.nickname like '%a%' escape '!' limit 0,5;

MockHttpServletRequest:
      HTTP Method = GET
      Request URI = /board
       Parameters = {}
          Headers = [Content-Type:"application/json;charset=UTF-8", Content-Length:"35"]
             Body = {"option":"nickname","keyword":"a"}
    Session Attrs = {}

Handler:
             Type = com.memory.board.controller.BoardController
           Method = com.memory.board.controller.BoardController#getBoardList(BoardSearchDTO, Pageable)

Async:
    Async started = false
     Async result = null

Resolved Exception:
             Type = null

ModelAndView:
        View name = null
             View = null
            Model = null

FlashMap:
       Attributes = null

MockHttpServletResponse:
           Status = 200
    Error message = null
          Headers = [Content-Type:"application/json"]
     Content type = application/json
             Body = {"content":[{"nickname":"닉네임A","password":"passwordA","title":"제목A","content":"내용A","createdDate":"2024-07-03T15:32:22.045539","modifiedDate":null,"delYn":"N"}],"page":{"size":5,"number":0,"totalElements":1,"totalPages":1}}
    Forwarded URL = null
   Redirected URL = null
          Cookies = []
?[2m2024-07-03T15:32:23.159+09:00?[0;39m ?[32m INFO?[0;39m ?[35m16168?[0;39m ?[2m---?[0;39m ?[2m[    Test worker]?[0;39m ?[2m?[0;39m?[36mp6spy                                   ?[0;39m ?[2m:?[0;39m #1719988343159 | took 0ms | rollback | connection 18| url jdbc:mariadb://localhost/non_member_board?user=root&password=***

;
]]></system-out>
  <system-err><![CDATA[WARNING: A Java agent has been loaded dynamically (/Users/hj/.gradle/caches/modules-2/files-2.1/net.bytebuddy/byte-buddy-agent/1.14.17/e3c251a39dc90badaf71c83427ba46840f219d8d/byte-buddy-agent-1.14.17.jar)
WARNING: If a serviceability tool is in use, please run with -XX:+EnableDynamicAgentLoading to hide this warning
WARNING: If a serviceability tool is not in use, please run with -Djdk.instrument.traceUsage for more information
WARNING: Dynamic loading of agents will be disallowed by default in a future release
]]></system-err>
</testsuite>
