<?xml version="1.0" encoding="UTF-8"?>
<testsuite name="com.memory.board.NomMemberBoardApplicationTests" tests="1" skipped="0" failures="0" errors="0" timestamp="2024-07-03T01:29:21" hostname="hyeonjinui-MacBookPro.local" time="0.266">
  <properties/>
  <testcase name="contextLoads()" classname="com.memory.board.NomMemberBoardApplicationTests" time="0.266"/>
  <system-out><![CDATA[10:29:20.147 [Test worker] INFO org.springframework.test.context.support.AnnotationConfigContextLoaderUtils -- Could not detect default configuration classes for test class [com.memory.board.NomMemberBoardApplicationTests]: NomMemberBoardApplicationTests does not declare any static, non-private, non-final, nested classes annotated with @Configuration.
10:29:20.193 [Test worker] INFO org.springframework.boot.test.context.SpringBootTestContextBootstrapper -- Found @SpringBootConfiguration com.memory.board.NomMemberBoardApplication for test class com.memory.board.NomMemberBoardApplicationTests

  .   ____          _            __ _ _
 /\\ / ___'_ __ _ _(_)_ __  __ _ \ \ \ \
( ( )\___ | '_ | '_| | '_ \/ _` | \ \ \ \
 \\/  ___)| |_)| | | | | || (_| |  ) ) ) )
  '  |____| .__|_| |_|_| |_\__, | / / / /
 =========|_|==============|___/=/_/_/_/

?[32m :: Spring Boot :: ?[39m              ?[2m (v3.3.1)?[0;39m

?[2m2024-07-03T10:29:20.344+09:00?[0;39m ?[32m INFO?[0;39m ?[35m97014?[0;39m ?[2m---?[0;39m ?[2m[    Test worker]?[0;39m ?[2m?[0;39m?[36mc.m.b.NomMemberBoardApplicationTests    ?[0;39m ?[2m:?[0;39m Starting NomMemberBoardApplicationTests using Java 22.0.1 with PID 97014 (started by hj in /Users/hj/DEV/project/non-member-board/backend)
?[2m2024-07-03T10:29:20.345+09:00?[0;39m ?[32mDEBUG?[0;39m ?[35m97014?[0;39m ?[2m---?[0;39m ?[2m[    Test worker]?[0;39m ?[2m?[0;39m?[36mc.m.b.NomMemberBoardApplicationTests    ?[0;39m ?[2m:?[0;39m Running with Spring Boot v3.3.1, Spring v6.1.10
?[2m2024-07-03T10:29:20.345+09:00?[0;39m ?[32m INFO?[0;39m ?[35m97014?[0;39m ?[2m---?[0;39m ?[2m[    Test worker]?[0;39m ?[2m?[0;39m?[36mc.m.b.NomMemberBoardApplicationTests    ?[0;39m ?[2m:?[0;39m No active profile set, falling back to 1 default profile: "default"
?[2m2024-07-03T10:29:20.570+09:00?[0;39m ?[32m INFO?[0;39m ?[35m97014?[0;39m ?[2m---?[0;39m ?[2m[    Test worker]?[0;39m ?[2m?[0;39m?[36m.s.d.r.c.RepositoryConfigurationDelegate?[0;39m ?[2m:?[0;39m Bootstrapping Spring Data JPA repositories in DEFAULT mode.
?[2m2024-07-03T10:29:20.590+09:00?[0;39m ?[32m INFO?[0;39m ?[35m97014?[0;39m ?[2m---?[0;39m ?[2m[    Test worker]?[0;39m ?[2m?[0;39m?[36m.s.d.r.c.RepositoryConfigurationDelegate?[0;39m ?[2m:?[0;39m Finished Spring Data repository scanning in 17 ms. Found 1 JPA repository interface.
?[2m2024-07-03T10:29:20.788+09:00?[0;39m ?[32m INFO?[0;39m ?[35m97014?[0;39m ?[2m---?[0;39m ?[2m[    Test worker]?[0;39m ?[2m?[0;39m?[36mo.hibernate.jpa.internal.util.LogHelper ?[0;39m ?[2m:?[0;39m HHH000204: Processing PersistenceUnitInfo [name: default]
?[2m2024-07-03T10:29:20.807+09:00?[0;39m ?[32m INFO?[0;39m ?[35m97014?[0;39m ?[2m---?[0;39m ?[2m[    Test worker]?[0;39m ?[2m?[0;39m?[36morg.hibernate.Version                   ?[0;39m ?[2m:?[0;39m HHH000412: Hibernate ORM core version 6.5.2.Final
?[2m2024-07-03T10:29:20.818+09:00?[0;39m ?[32m INFO?[0;39m ?[35m97014?[0;39m ?[2m---?[0;39m ?[2m[    Test worker]?[0;39m ?[2m?[0;39m?[36mo.h.c.internal.RegionFactoryInitiator   ?[0;39m ?[2m:?[0;39m HHH000026: Second-level cache disabled
?[2m2024-07-03T10:29:20.928+09:00?[0;39m ?[32m INFO?[0;39m ?[35m97014?[0;39m ?[2m---?[0;39m ?[2m[    Test worker]?[0;39m ?[2m?[0;39m?[36mo.s.o.j.p.SpringPersistenceUnitInfo     ?[0;39m ?[2m:?[0;39m No LoadTimeWeaver setup: ignoring JPA class transformer
?[2m2024-07-03T10:29:20.937+09:00?[0;39m ?[32m INFO?[0;39m ?[35m97014?[0;39m ?[2m---?[0;39m ?[2m[    Test worker]?[0;39m ?[2m?[0;39m?[36mcom.zaxxer.hikari.HikariDataSource      ?[0;39m ?[2m:?[0;39m HikariPool-1 - Starting...
?[2m2024-07-03T10:29:20.972+09:00?[0;39m ?[32m INFO?[0;39m ?[35m97014?[0;39m ?[2m---?[0;39m ?[2m[    Test worker]?[0;39m ?[2m?[0;39m?[36mcom.zaxxer.hikari.pool.HikariPool       ?[0;39m ?[2m:?[0;39m HikariPool-1 - Added connection org.mariadb.jdbc.Connection@46894dc5
?[2m2024-07-03T10:29:20.973+09:00?[0;39m ?[32m INFO?[0;39m ?[35m97014?[0;39m ?[2m---?[0;39m ?[2m[    Test worker]?[0;39m ?[2m?[0;39m?[36mcom.zaxxer.hikari.HikariDataSource      ?[0;39m ?[2m:?[0;39m HikariPool-1 - Start completed.
?[2m2024-07-03T10:29:21.272+09:00?[0;39m ?[32m INFO?[0;39m ?[35m97014?[0;39m ?[2m---?[0;39m ?[2m[    Test worker]?[0;39m ?[2m?[0;39m?[36mo.h.e.t.j.p.i.JtaPlatformInitiator      ?[0;39m ?[2m:?[0;39m HHH000489: No JTA platform available (set 'hibernate.transaction.jta.platform' to enable JTA platform integration)
?[2m2024-07-03T10:29:21.296+09:00?[0;39m ?[32m INFO?[0;39m ?[35m97014?[0;39m ?[2m---?[0;39m ?[2m[    Test worker]?[0;39m ?[2m?[0;39m?[36mp6spy                                   ?[0;39m ?[2m:?[0;39m #1719970161296 | took 19ms | statement | connection 1| url jdbc:mariadb://localhost/non_member_board?user=root&password=***
drop table if exists board
drop table if exists board;
?[2m2024-07-03T10:29:21.316+09:00?[0;39m ?[32m INFO?[0;39m ?[35m97014?[0;39m ?[2m---?[0;39m ?[2m[    Test worker]?[0;39m ?[2m?[0;39m?[36mp6spy                                   ?[0;39m ?[2m:?[0;39m #1719970161316 | took 17ms | statement | connection 2| url jdbc:mariadb://localhost/non_member_board?user=root&password=***
create table board (board_id bigint not null auto_increment, created_date datetime(6) not null, modified_date datetime(6), nickname varchar(255) not null, password varchar(255) not null, title varchar(255) not null, content tinytext not null, del_yn enum ('N','Y') default 'N' not null, primary key (board_id)) engine=InnoDB
create table board (board_id bigint not null auto_increment, created_date datetime(6) not null, modified_date datetime(6), nickname varchar(255) not null, password varchar(255) not null, title varchar(255) not null, content tinytext not null, del_yn enum ('N','Y') default 'N' not null, primary key (board_id)) engine=InnoDB;
?[2m2024-07-03T10:29:21.318+09:00?[0;39m ?[32m INFO?[0;39m ?[35m97014?[0;39m ?[2m---?[0;39m ?[2m[    Test worker]?[0;39m ?[2m?[0;39m?[36mj.LocalContainerEntityManagerFactoryBean?[0;39m ?[2m:?[0;39m Initialized JPA EntityManagerFactory for persistence unit 'default'
?[2m2024-07-03T10:29:21.479+09:00?[0;39m ?[32m INFO?[0;39m ?[35m97014?[0;39m ?[2m---?[0;39m ?[2m[    Test worker]?[0;39m ?[2m?[0;39m?[36mp6spy                                   ?[0;39m ?[2m:?[0;39m #1719970161479 | took 1ms | statement | connection 3| url jdbc:mariadb://localhost/non_member_board?user=root&password=***
insert into board (content,created_date,del_yn,modified_date,nickname,password,title) values (?,?,?,?,?,?,?) returning board_id
insert into board (content,created_date,del_yn,modified_date,nickname,password,title) values ('java.io.StringReader@22a22f1','2024-07-03T10:29:21.394+0900','N',NULL,'닉네임A','passwordA','제목A') returning board_id;
?[2m2024-07-03T10:29:21.491+09:00?[0;39m ?[32m INFO?[0;39m ?[35m97014?[0;39m ?[2m---?[0;39m ?[2m[    Test worker]?[0;39m ?[2m?[0;39m?[36mp6spy                                   ?[0;39m ?[2m:?[0;39m #1719970161491 | took 0ms | commit | connection 3| url jdbc:mariadb://localhost/non_member_board?user=root&password=***

;
?[2m2024-07-03T10:29:21.493+09:00?[0;39m ?[32m INFO?[0;39m ?[35m97014?[0;39m ?[2m---?[0;39m ?[2m[    Test worker]?[0;39m ?[2m?[0;39m?[36mp6spy                                   ?[0;39m ?[2m:?[0;39m #1719970161493 | took 0ms | statement | connection 4| url jdbc:mariadb://localhost/non_member_board?user=root&password=***
insert into board (content,created_date,del_yn,modified_date,nickname,password,title) values (?,?,?,?,?,?,?) returning board_id
insert into board (content,created_date,del_yn,modified_date,nickname,password,title) values ('java.io.StringReader@57df93c1','2024-07-03T10:29:21.406+0900','N',NULL,'닉네임B','passwordB','제목B') returning board_id;
?[2m2024-07-03T10:29:21.494+09:00?[0;39m ?[32m INFO?[0;39m ?[35m97014?[0;39m ?[2m---?[0;39m ?[2m[    Test worker]?[0;39m ?[2m?[0;39m?[36mp6spy                                   ?[0;39m ?[2m:?[0;39m #1719970161494 | took 0ms | commit | connection 4| url jdbc:mariadb://localhost/non_member_board?user=root&password=***

;
?[2m2024-07-03T10:29:21.495+09:00?[0;39m ?[32m INFO?[0;39m ?[35m97014?[0;39m ?[2m---?[0;39m ?[2m[    Test worker]?[0;39m ?[2m?[0;39m?[36mp6spy                                   ?[0;39m ?[2m:?[0;39m #1719970161495 | took 0ms | statement | connection 5| url jdbc:mariadb://localhost/non_member_board?user=root&password=***
insert into board (content,created_date,del_yn,modified_date,nickname,password,title) values (?,?,?,?,?,?,?) returning board_id
insert into board (content,created_date,del_yn,modified_date,nickname,password,title) values ('java.io.StringReader@5184da2b','2024-07-03T10:29:21.419+0900','N',NULL,'닉네임C','passwordC','제목C') returning board_id;
?[2m2024-07-03T10:29:21.495+09:00?[0;39m ?[32m INFO?[0;39m ?[35m97014?[0;39m ?[2m---?[0;39m ?[2m[    Test worker]?[0;39m ?[2m?[0;39m?[36mp6spy                                   ?[0;39m ?[2m:?[0;39m #1719970161495 | took 0ms | commit | connection 5| url jdbc:mariadb://localhost/non_member_board?user=root&password=***

;
?[2m2024-07-03T10:29:21.496+09:00?[0;39m ?[32m INFO?[0;39m ?[35m97014?[0;39m ?[2m---?[0;39m ?[2m[    Test worker]?[0;39m ?[2m?[0;39m?[36mp6spy                                   ?[0;39m ?[2m:?[0;39m #1719970161496 | took 0ms | statement | connection 6| url jdbc:mariadb://localhost/non_member_board?user=root&password=***
insert into board (content,created_date,del_yn,modified_date,nickname,password,title) values (?,?,?,?,?,?,?) returning board_id
insert into board (content,created_date,del_yn,modified_date,nickname,password,title) values ('java.io.StringReader@347c5721','2024-07-03T10:29:21.432+0900','N',NULL,'닉네임D','passwordD','제목D') returning board_id;
?[2m2024-07-03T10:29:21.497+09:00?[0;39m ?[32m INFO?[0;39m ?[35m97014?[0;39m ?[2m---?[0;39m ?[2m[    Test worker]?[0;39m ?[2m?[0;39m?[36mp6spy                                   ?[0;39m ?[2m:?[0;39m #1719970161497 | took 0ms | commit | connection 6| url jdbc:mariadb://localhost/non_member_board?user=root&password=***

;
?[2m2024-07-03T10:29:21.497+09:00?[0;39m ?[32m INFO?[0;39m ?[35m97014?[0;39m ?[2m---?[0;39m ?[2m[    Test worker]?[0;39m ?[2m?[0;39m?[36mp6spy                                   ?[0;39m ?[2m:?[0;39m #1719970161497 | took 0ms | statement | connection 7| url jdbc:mariadb://localhost/non_member_board?user=root&password=***
insert into board (content,created_date,del_yn,modified_date,nickname,password,title) values (?,?,?,?,?,?,?) returning board_id
insert into board (content,created_date,del_yn,modified_date,nickname,password,title) values ('java.io.StringReader@7ec68821','2024-07-03T10:29:21.444+0900','N',NULL,'닉네임E','passwordE','제목E') returning board_id;
?[2m2024-07-03T10:29:21.498+09:00?[0;39m ?[32m INFO?[0;39m ?[35m97014?[0;39m ?[2m---?[0;39m ?[2m[    Test worker]?[0;39m ?[2m?[0;39m?[36mp6spy                                   ?[0;39m ?[2m:?[0;39m #1719970161498 | took 0ms | commit | connection 7| url jdbc:mariadb://localhost/non_member_board?user=root&password=***

;
?[2m2024-07-03T10:29:21.499+09:00?[0;39m ?[32m INFO?[0;39m ?[35m97014?[0;39m ?[2m---?[0;39m ?[2m[    Test worker]?[0;39m ?[2m?[0;39m?[36mp6spy                                   ?[0;39m ?[2m:?[0;39m #1719970161499 | took 0ms | statement | connection 8| url jdbc:mariadb://localhost/non_member_board?user=root&password=***
insert into board (content,created_date,del_yn,modified_date,nickname,password,title) values (?,?,?,?,?,?,?) returning board_id
insert into board (content,created_date,del_yn,modified_date,nickname,password,title) values ('java.io.StringReader@2bfa5678','2024-07-03T10:29:21.457+0900','N',NULL,'닉네임F','passwordF','제목F') returning board_id;
?[2m2024-07-03T10:29:21.499+09:00?[0;39m ?[32m INFO?[0;39m ?[35m97014?[0;39m ?[2m---?[0;39m ?[2m[    Test worker]?[0;39m ?[2m?[0;39m?[36mp6spy                                   ?[0;39m ?[2m:?[0;39m #1719970161499 | took 0ms | commit | connection 8| url jdbc:mariadb://localhost/non_member_board?user=root&password=***

;
?[2m2024-07-03T10:29:21.557+09:00?[0;39m ?[33m WARN?[0;39m ?[35m97014?[0;39m ?[2m---?[0;39m ?[2m[    Test worker]?[0;39m ?[2m?[0;39m?[36mJpaBaseConfiguration$JpaWebConfiguration?[0;39m ?[2m:?[0;39m spring.jpa.open-in-view is enabled by default. Therefore, database queries may be performed during view rendering. Explicitly configure spring.jpa.open-in-view to disable this warning
?[2m2024-07-03T10:29:21.675+09:00?[0;39m ?[32m INFO?[0;39m ?[35m97014?[0;39m ?[2m---?[0;39m ?[2m[    Test worker]?[0;39m ?[2m?[0;39m?[36mc.m.b.NomMemberBoardApplicationTests    ?[0;39m ?[2m:?[0;39m Started NomMemberBoardApplicationTests in 1.434 seconds (process running for 1.871)
]]></system-out>
  <system-err><![CDATA[WARNING: A Java agent has been loaded dynamically (/Users/hj/.gradle/caches/modules-2/files-2.1/net.bytebuddy/byte-buddy-agent/1.14.17/e3c251a39dc90badaf71c83427ba46840f219d8d/byte-buddy-agent-1.14.17.jar)
WARNING: If a serviceability tool is in use, please run with -XX:+EnableDynamicAgentLoading to hide this warning
WARNING: If a serviceability tool is not in use, please run with -Djdk.instrument.traceUsage for more information
WARNING: Dynamic loading of agents will be disallowed by default in a future release
]]></system-err>
</testsuite>
